[1109/143133:ERROR:process_reader_win.cc(114)] NtOpenThread: {Access Denied} A process has requested access to an object, but has not been granted those access rights.  (0xc0000022)
[1109/143133:ERROR:exception_snapshot_win.cc(87)] thread ID 14300 not found in process
[1109/143133:WARNING:crash_report_exception_handler.cc(56)] ProcessSnapshotWin::Initialize failed
[1109/143133:ERROR:process_reader_win.cc(114)] NtOpenThread: {Access Denied} A process has requested access to an object, but has not been granted those access rights.  (0xc0000022)
[1109/143133:ERROR:exception_snapshot_win.cc(87)] thread ID 14276 not found in process
[1109/143133:WARNING:crash_report_exception_handler.cc(56)] ProcessSnapshotWin::Initialize failed
[1109/143133:ERROR:process_reader_win.cc(114)] NtOpenThread: {Access Denied} A process has requested access to an object, but has not been granted those access rights.  (0xc0000022)
[1109/143133:ERROR:exception_snapshot_win.cc(87)] thread ID 13392 not found in process
[1109/143133:WARNING:crash_report_exception_handler.cc(56)] ProcessSnapshotWin::Initialize failed
[1109/143133:ERROR:process_reader_win.cc(114)] NtOpenThread: {Access Denied} A process has requested access to an object, but has not been granted those access rights.  (0xc0000022)
[1109/143133:ERROR:exception_snapshot_win.cc(87)] thread ID 13368 not found in process
[1109/143133:WARNING:crash_report_exception_handler.cc(56)] ProcessSnapshotWin::Initialize failed
[1109/143133:ERROR:process_reader_win.cc(114)] NtOpenThread: {Access Denied} A process has requested access to an object, but has not been granted those access rights.  (0xc0000022)
[1109/143133:ERROR:exception_snapshot_win.cc(87)] thread ID 6876 not found in process
[1109/143133:WARNING:crash_report_exception_handler.cc(56)] ProcessSnapshotWin::Initialize failed
[1109/143133:ERROR:process_reader_win.cc(114)] NtOpenThread: {Access Denied} A process has requested access to an object, but has not been granted those access rights.  (0xc0000022)
[1109/143133:ERROR:exception_snapshot_win.cc(87)] thread ID 7096 not found in process
[1109/143133:WARNING:crash_report_exception_handler.cc(56)] ProcessSnapshotWin::Initialize failed
[1109/143133:ERROR:process_reader_win.cc(114)] NtOpenThread: {Access Denied} A process has requested access to an object, but has not been granted those access rights.  (0xc0000022)
[1109/143133:ERROR:exception_snapshot_win.cc(87)] thread ID 12508 not found in process
[1109/143133:WARNING:crash_report_exception_handler.cc(56)] ProcessSnapshotWin::Initialize failed
[1109/143133:ERROR:process_reader_win.cc(114)] NtOpenThread: {Access Denied} A process has requested access to an object, but has not been granted those access rights.  (0xc0000022)
[1109/143133:ERROR:exception_snapshot_win.cc(87)] thread ID 7448 not found in process
[1109/143133:WARNING:crash_report_exception_handler.cc(56)] ProcessSnapshotWin::Initialize failed
[1109/143133:ERROR:process_reader_win.cc(114)] NtOpenThread: {Access Denied} A process has requested access to an object, but has not been granted those access rights.  (0xc0000022)
[1109/143133:ERROR:exception_snapshot_win.cc(87)] thread ID 13536 not found in process
[1109/143133:WARNING:crash_report_exception_handler.cc(56)] ProcessSnapshotWin::Initialize failed
[1109/143133:ERROR:process_reader_win.cc(114)] NtOpenThread: {Access Denied} A process has requested access to an object, but has not been granted those access rights.  (0xc0000022)
[1109/143133:ERROR:exception_snapshot_win.cc(87)] thread ID 6168 not found in process
[1109/143133:WARNING:crash_report_exception_handler.cc(56)] ProcessSnapshotWin::Initialize failed
[1109/143133:ERROR:process_reader_win.cc(114)] NtOpenThread: {Access Denied} A process has requested access to an object, but has not been granted those access rights.  (0xc0000022)
[1109/143133:ERROR:exception_snapshot_win.cc(87)] thread ID 7652 not found in process
[1109/143133:WARNING:crash_report_exception_handler.cc(56)] ProcessSnapshotWin::Initialize failed
[1109/143133:ERROR:process_reader_win.cc(114)] NtOpenThread: {Access Denied} A process has requested access to an object, but has not been granted those access rights.  (0xc0000022)
[1109/143133:ERROR:exception_snapshot_win.cc(87)] thread ID 5568 not found in process
[1109/143133:WARNING:crash_report_exception_handler.cc(56)] ProcessSnapshotWin::Initialize failed
[1109/143133:ERROR:process_reader_win.cc(114)] NtOpenThread: {Access Denied} A process has requested access to an object, but has not been granted those access rights.  (0xc0000022)
[1109/143133:ERROR:exception_snapshot_win.cc(87)] thread ID 10664 not found in process
[1109/143133:WARNING:crash_report_exception_handler.cc(56)] ProcessSnapshotWin::Initialize failed
[1109/143133:ERROR:process_reader_win.cc(114)] NtOpenThread: {Access Denied} A process has requested access to an object, but has not been granted those access rights.  (0xc0000022)
[1109/143133:ERROR:exception_snapshot_win.cc(87)] thread ID 13636 not found in process
[1109/143133:WARNING:crash_report_exception_handler.cc(56)] ProcessSnapshotWin::Initialize failed
[1109/143133:ERROR:process_reader_win.cc(114)] NtOpenThread: {Access Denied} A process has requested access to an object, but has not been granted those access rights.  (0xc0000022)
[1109/143133:ERROR:exception_snapshot_win.cc(87)] thread ID 13628 not found in process
[1109/143133:WARNING:crash_report_exception_handler.cc(56)] ProcessSnapshotWin::Initialize failed
[1109/144459:ERROR:process_reader_win.cc(114)] NtOpenThread: {Access Denied} A process has requested access to an object, but has not been granted those access rights.  (0xc0000022)
[1109/144459:ERROR:exception_snapshot_win.cc(87)] thread ID 2580 not found in process
[1109/144459:WARNING:crash_report_exception_handler.cc(56)] ProcessSnapshotWin::Initialize failed
[1109/144459:ERROR:process_reader_win.cc(114)] NtOpenThread: {Access Denied} A process has requested access to an object, but has not been granted those access rights.  (0xc0000022)
[1109/144459:ERROR:exception_snapshot_win.cc(87)] thread ID 7620 not found in process
[1109/144459:WARNING:crash_report_exception_handler.cc(56)] ProcessSnapshotWin::Initialize failed
[1109/144459:ERROR:process_reader_win.cc(114)] NtOpenThread: {Access Denied} A process has requested access to an object, but has not been granted those access rights.  (0xc0000022)
[1109/144459:ERROR:exception_snapshot_win.cc(87)] thread ID 10296 not found in process
[1109/144459:WARNING:crash_report_exception_handler.cc(56)] ProcessSnapshotWin::Initialize failed
[1109/144459:ERROR:process_reader_win.cc(114)] NtOpenThread: {Access Denied} A process has requested access to an object, but has not been granted those access rights.  (0xc0000022)
[1109/144459:ERROR:exception_snapshot_win.cc(87)] thread ID 9500 not found in process
[1109/144459:WARNING:crash_report_exception_handler.cc(56)] ProcessSnapshotWin::Initialize failed
[1109/144459:ERROR:process_reader_win.cc(114)] NtOpenThread: {Access Denied} A process has requested access to an object, but has not been granted those access rights.  (0xc0000022)
[1109/144459:ERROR:exception_snapshot_win.cc(87)] thread ID 10028 not found in process
[1109/144459:WARNING:crash_report_exception_handler.cc(56)] ProcessSnapshotWin::Initialize failed
[1109/144459:ERROR:process_reader_win.cc(114)] NtOpenThread: {Access Denied} A process has requested access to an object, but has not been granted those access rights.  (0xc0000022)
[1109/144459:ERROR:exception_snapshot_win.cc(87)] thread ID 5452 not found in process
[1109/144459:WARNING:crash_report_exception_handler.cc(56)] ProcessSnapshotWin::Initialize failed
[1109/144459:ERROR:process_reader_win.cc(114)] NtOpenThread: {Access Denied} A process has requested access to an object, but has not been granted those access rights.  (0xc0000022)
[1109/144459:ERROR:exception_snapshot_win.cc(87)] thread ID 10488 not found in process
[1109/144459:WARNING:crash_report_exception_handler.cc(56)] ProcessSnapshotWin::Initialize failed
[1109/144459:ERROR:process_reader_win.cc(114)] NtOpenThread: {Access Denied} A process has requested access to an object, but has not been granted those access rights.  (0xc0000022)
[1109/144459:ERROR:exception_snapshot_win.cc(87)] thread ID 12156 not found in process
[1109/144459:WARNING:crash_report_exception_handler.cc(56)] ProcessSnapshotWin::Initialize failed
[1109/144459:ERROR:process_reader_win.cc(114)] NtOpenThread: {Access Denied} A process has requested access to an object, but has not been granted those access rights.  (0xc0000022)
[1109/144459:ERROR:exception_snapshot_win.cc(87)] thread ID 5564 not found in process
[1109/144459:WARNING:crash_report_exception_handler.cc(56)] ProcessSnapshotWin::Initialize failed
[1109/144459:ERROR:process_reader_win.cc(114)] NtOpenThread: {Access Denied} A process has requested access to an object, but has not been granted those access rights.  (0xc0000022)
[1109/144459:ERROR:exception_snapshot_win.cc(87)] thread ID 8832 not found in process
[1109/144459:WARNING:crash_report_exception_handler.cc(56)] ProcessSnapshotWin::Initialize failed
[1110/105238:ERROR:process_reader_win.cc(114)] NtOpenThread: {Access Denied} A process has requested access to an object, but has not been granted those access rights.  (0xc0000022)
[1110/105238:ERROR:exception_snapshot_win.cc(87)] thread ID 9512 not found in process
[1110/105238:WARNING:crash_report_exception_handler.cc(56)] ProcessSnapshotWin::Initialize failed
[1110/105238:ERROR:process_reader_win.cc(114)] NtOpenThread: {Access Denied} A process has requested access to an object, but has not been granted those access rights.  (0xc0000022)
[1110/105238:ERROR:exception_snapshot_win.cc(87)] thread ID 11552 not found in process
[1110/105238:WARNING:crash_report_exception_handler.cc(56)] ProcessSnapshotWin::Initialize failed
[1110/105238:ERROR:process_reader_win.cc(114)] NtOpenThread: {Access Denied} A process has requested access to an object, but has not been granted those access rights.  (0xc0000022)
[1110/105238:ERROR:exception_snapshot_win.cc(87)] thread ID 12936 not found in process
[1110/105238:WARNING:crash_report_exception_handler.cc(56)] ProcessSnapshotWin::Initialize failed
[1110/105238:ERROR:process_reader_win.cc(114)] NtOpenThread: {Access Denied} A process has requested access to an object, but has not been granted those access rights.  (0xc0000022)
[1110/105238:ERROR:process_reader_win.cc(114)] NtOpenThread: {Access Denied} A process has requested access to an object, but has not been granted those access rights.  (0xc0000022)
[1110/105238:ERROR:exception_snapshot_win.cc(87)] thread ID 12348 not found in process
[1110/105238:WARNING:crash_report_exception_handler.cc(56)] ProcessSnapshotWin::Initialize failed
[1110/105238:ERROR:exception_snapshot_win.cc(87)] thread ID 13608 not found in process
[1110/105238:WARNING:crash_report_exception_handler.cc(56)] ProcessSnapshotWin::Initialize failed
[1110/105304:ERROR:process_reader_win.cc(114)] NtOpenThread: {Access Denied} A process has requested access to an object, but has not been granted those access rights.  (0xc0000022)
[1110/105304:ERROR:exception_snapshot_win.cc(87)] thread ID 12180 not found in process
[1110/105304:WARNING:crash_report_exception_handler.cc(56)] ProcessSnapshotWin::Initialize failed
[1110/105304:ERROR:process_reader_win.cc(114)] NtOpenThread: {Access Denied} A process has requested access to an object, but has not been granted those access rights.  (0xc0000022)
[1110/105304:ERROR:exception_snapshot_win.cc(87)] thread ID 12264 not found in process
[1110/105304:WARNING:crash_report_exception_handler.cc(56)] ProcessSnapshotWin::Initialize failed
[1110/122422:ERROR:process_reader_win.cc(114)] NtOpenThread: {Access Denied} A process has requested access to an object, but has not been granted those access rights.  (0xc0000022)
[1110/122422:ERROR:exception_snapshot_win.cc(87)] thread ID 196 not found in process
[1110/122422:WARNING:crash_report_exception_handler.cc(56)] ProcessSnapshotWin::Initialize failed
[1110/131957:ERROR:process_reader_win.cc(114)] NtOpenThread: {Access Denied} A process has requested access to an object, but has not been granted those access rights.  (0xc0000022)
[1110/131957:ERROR:exception_snapshot_win.cc(87)] thread ID 1692 not found in process
[1110/131957:WARNING:crash_report_exception_handler.cc(56)] ProcessSnapshotWin::Initialize failed
[1110/132120:ERROR:process_reader_win.cc(114)] NtOpenThread: {Access Denied} A process has requested access to an object, but has not been granted those access rights.  (0xc0000022)
[1110/132120:ERROR:exception_snapshot_win.cc(87)] thread ID 9568 not found in process
[1110/132120:WARNING:crash_report_exception_handler.cc(56)] ProcessSnapshotWin::Initialize failed
[1110/132948:ERROR:process_reader_win.cc(142)] SuspendThread: Access is denied. (0x5)
[1110/132948:ERROR:process_reader_win.cc(114)] NtOpenThread: {Access Denied} A process has requested access to an object, but has not been granted those access rights.  (0xc0000022)
[1110/132948:ERROR:exception_snapshot_win.cc(87)] thread ID 6412 not found in process
[1110/132948:WARNING:crash_report_exception_handler.cc(56)] ProcessSnapshotWin::Initialize failed
[1117/142502:ERROR:process_reader_win.cc(114)] NtOpenThread: {Access Denied} A process has requested access to an object, but has not been granted those access rights.  (0xc0000022)
[1117/142502:ERROR:exception_snapshot_win.cc(87)] thread ID 8612 not found in process
[1117/142502:WARNING:crash_report_exception_handler.cc(56)] ProcessSnapshotWin::Initialize failed
[1117/154554:ERROR:process_reader_win.cc(114)] NtOpenThread: {Access Denied} A process has requested access to an object, but has not been granted those access rights.  (0xc0000022)
[1117/154554:ERROR:exception_snapshot_win.cc(87)] thread ID 15724 not found in process
[1117/154554:WARNING:crash_report_exception_handler.cc(56)] ProcessSnapshotWin::Initialize failed
[1117/154554:ERROR:process_reader_win.cc(114)] NtOpenThread: {Access Denied} A process has requested access to an object, but has not been granted those access rights.  (0xc0000022)
[1117/154554:ERROR:exception_snapshot_win.cc(87)] thread ID 15748 not found in process
[1117/154554:WARNING:crash_report_exception_handler.cc(56)] ProcessSnapshotWin::Initialize failed
[1117/154554:ERROR:process_reader_win.cc(114)] NtOpenThread: {Access Denied} A process has requested access to an object, but has not been granted those access rights.  (0xc0000022)
[1117/154554:ERROR:exception_snapshot_win.cc(87)] thread ID 15772 not found in process
[1117/154554:WARNING:crash_report_exception_handler.cc(56)] ProcessSnapshotWin::Initialize failed
[1117/154554:ERROR:process_reader_win.cc(114)] NtOpenThread: {Access Denied} A process has requested access to an object, but has not been granted those access rights.  (0xc0000022)
[1117/154554:ERROR:exception_snapshot_win.cc(87)] thread ID 15796 not found in process
[1117/154554:WARNING:crash_report_exception_handler.cc(56)] ProcessSnapshotWin::Initialize failed
[1117/154554:ERROR:process_reader_win.cc(114)] NtOpenThread: {Access Denied} A process has requested access to an object, but has not been granted those access rights.  (0xc0000022)
[1117/154554:ERROR:exception_snapshot_win.cc(87)] thread ID 15820 not found in process
[1117/154554:WARNING:crash_report_exception_handler.cc(56)] ProcessSnapshotWin::Initialize failed
[1117/154554:ERROR:process_reader_win.cc(114)] NtOpenThread: {Access Denied} A process has requested access to an object, but has not been granted those access rights.  (0xc0000022)
[1117/154554:ERROR:exception_snapshot_win.cc(87)] thread ID 15844 not found in process
[1117/154554:WARNING:crash_report_exception_handler.cc(56)] ProcessSnapshotWin::Initialize failed
[1117/154554:ERROR:process_reader_win.cc(114)] NtOpenThread: {Access Denied} A process has requested access to an object, but has not been granted those access rights.  (0xc0000022)
[1117/154554:ERROR:exception_snapshot_win.cc(87)] thread ID 15868 not found in process
[1117/154554:WARNING:crash_report_exception_handler.cc(56)] ProcessSnapshotWin::Initialize failed
[1117/154554:ERROR:process_reader_win.cc(114)] NtOpenThread: {Access Denied} A process has requested access to an object, but has not been granted those access rights.  (0xc0000022)
[1117/154554:ERROR:exception_snapshot_win.cc(87)] thread ID 15892 not found in process
[1117/154554:WARNING:crash_report_exception_handler.cc(56)] ProcessSnapshotWin::Initialize failed
[1117/154554:ERROR:process_reader_win.cc(114)] NtOpenThread: {Access Denied} A process has requested access to an object, but has not been granted those access rights.  (0xc0000022)
[1117/154554:ERROR:exception_snapshot_win.cc(87)] thread ID 15916 not found in process
[1117/154554:WARNING:crash_report_exception_handler.cc(56)] ProcessSnapshotWin::Initialize failed
[1117/154554:ERROR:process_reader_win.cc(114)] NtOpenThread: {Access Denied} A process has requested access to an object, but has not been granted those access rights.  (0xc0000022)
[1117/154554:ERROR:exception_snapshot_win.cc(87)] thread ID 15940 not found in process
[1117/154554:WARNING:crash_report_exception_handler.cc(56)] ProcessSnapshotWin::Initialize failed
[1117/154554:ERROR:process_reader_win.cc(114)] NtOpenThread: {Access Denied} A process has requested access to an object, but has not been granted those access rights.  (0xc0000022)
[1117/154554:ERROR:exception_snapshot_win.cc(87)] thread ID 15964 not found in process
[1117/154554:WARNING:crash_report_exception_handler.cc(56)] ProcessSnapshotWin::Initialize failed
[1117/154554:ERROR:process_reader_win.cc(114)] NtOpenThread: {Access Denied} A process has requested access to an object, but has not been granted those access rights.  (0xc0000022)
[1117/154554:ERROR:exception_snapshot_win.cc(87)] thread ID 15988 not found in process
[1117/154554:WARNING:crash_report_exception_handler.cc(56)] ProcessSnapshotWin::Initialize failed
[1117/154554:ERROR:process_reader_win.cc(114)] NtOpenThread: {Access Denied} A process has requested access to an object, but has not been granted those access rights.  (0xc0000022)
[1117/154554:ERROR:exception_snapshot_win.cc(87)] thread ID 16012 not found in process
[1117/154554:WARNING:crash_report_exception_handler.cc(56)] ProcessSnapshotWin::Initialize failed
[1117/154554:ERROR:process_reader_win.cc(114)] NtOpenThread: {Access Denied} A process has requested access to an object, but has not been granted those access rights.  (0xc0000022)
[1117/154554:ERROR:exception_snapshot_win.cc(87)] thread ID 16036 not found in process
[1117/154554:WARNING:crash_report_exception_handler.cc(56)] ProcessSnapshotWin::Initialize failed
[1117/154554:ERROR:process_reader_win.cc(114)] NtOpenThread: {Access Denied} A process has requested access to an object, but has not been granted those access rights.  (0xc0000022)
[1117/154554:ERROR:exception_snapshot_win.cc(87)] thread ID 16060 not found in process
[1117/154554:WARNING:crash_report_exception_handler.cc(56)] ProcessSnapshotWin::Initialize failed
[1117/154554:ERROR:process_reader_win.cc(114)] NtOpenThread: {Access Denied} A process has requested access to an object, but has not been granted those access rights.  (0xc0000022)
[1117/154554:ERROR:exception_snapshot_win.cc(87)] thread ID 16084 not found in process
[1117/154554:WARNING:crash_report_exception_handler.cc(56)] ProcessSnapshotWin::Initialize failed
[1117/154554:ERROR:process_reader_win.cc(114)] NtOpenThread: {Access Denied} A process has requested access to an object, but has not been granted those access rights.  (0xc0000022)
[1117/154554:ERROR:exception_snapshot_win.cc(87)] thread ID 16108 not found in process
[1117/154554:WARNING:crash_report_exception_handler.cc(56)] ProcessSnapshotWin::Initialize failed
[1117/154554:ERROR:process_reader_win.cc(114)] NtOpenThread: {Access Denied} A process has requested access to an object, but has not been granted those access rights.  (0xc0000022)
[1117/154554:ERROR:exception_snapshot_win.cc(87)] thread ID 16132 not found in process
[1117/154554:WARNING:crash_report_exception_handler.cc(56)] ProcessSnapshotWin::Initialize failed
[1117/154554:ERROR:process_reader_win.cc(114)] NtOpenThread: {Access Denied} A process has requested access to an object, but has not been granted those access rights.  (0xc0000022)
[1117/154554:ERROR:exception_snapshot_win.cc(87)] thread ID 16228 not found in process
[1117/154554:WARNING:crash_report_exception_handler.cc(56)] ProcessSnapshotWin::Initialize failed
[1117/154554:ERROR:process_reader_win.cc(114)] NtOpenThread: {Access Denied} A process has requested access to an object, but has not been granted those access rights.  (0xc0000022)
[1117/154554:ERROR:exception_snapshot_win.cc(87)] thread ID 16204 not found in process
[1117/154554:WARNING:crash_report_exception_handler.cc(56)] ProcessSnapshotWin::Initialize failed
[1117/154554:ERROR:process_reader_win.cc(114)] NtOpenThread: {Access Denied} A process has requested access to an object, but has not been granted those access rights.  (0xc0000022)
[1117/154554:ERROR:exception_snapshot_win.cc(87)] thread ID 16180 not found in process
[1117/154554:WARNING:crash_report_exception_handler.cc(56)] ProcessSnapshotWin::Initialize failed
[1117/154554:ERROR:process_reader_win.cc(114)] NtOpenThread: {Access Denied} A process has requested access to an object, but has not been granted those access rights.  (0xc0000022)
[1117/154554:ERROR:exception_snapshot_win.cc(87)] thread ID 16156 not found in process
[1117/154554:WARNING:crash_report_exception_handler.cc(56)] ProcessSnapshotWin::Initialize failed
[1117/154554:ERROR:process_reader_win.cc(114)] NtOpenThread: {Access Denied} A process has requested access to an object, but has not been granted those access rights.  (0xc0000022)
[1117/154554:ERROR:exception_snapshot_win.cc(87)] thread ID 16328 not found in process
[1117/154554:WARNING:crash_report_exception_handler.cc(56)] ProcessSnapshotWin::Initialize failed
[1117/154554:ERROR:process_reader_win.cc(114)] NtOpenThread: {Access Denied} A process has requested access to an object, but has not been granted those access rights.  (0xc0000022)
[1117/154554:ERROR:exception_snapshot_win.cc(87)] thread ID 16300 not found in process
[1117/154554:WARNING:crash_report_exception_handler.cc(56)] ProcessSnapshotWin::Initialize failed
[1117/154554:ERROR:process_reader_win.cc(114)] NtOpenThread: {Access Denied} A process has requested access to an object, but has not been granted those access rights.  (0xc0000022)
[1117/154554:ERROR:exception_snapshot_win.cc(87)] thread ID 16256 not found in process
[1117/154554:WARNING:crash_report_exception_handler.cc(56)] ProcessSnapshotWin::Initialize failed
[1117/163509:ERROR:process_reader_win.cc(114)] NtOpenThread: {Access Denied} A process has requested access to an object, but has not been granted those access rights.  (0xc0000022)
[1117/163509:ERROR:exception_snapshot_win.cc(87)] thread ID 11888 not found in process
[1117/163509:WARNING:crash_report_exception_handler.cc(56)] ProcessSnapshotWin::Initialize failed
[1117/163509:ERROR:process_reader_win.cc(114)] NtOpenThread: {Access Denied} A process has requested access to an object, but has not been granted those access rights.  (0xc0000022)
[1117/163509:ERROR:exception_snapshot_win.cc(87)] thread ID 7668 not found in process
[1117/163509:WARNING:crash_report_exception_handler.cc(56)] ProcessSnapshotWin::Initialize failed
[1117/163509:ERROR:process_reader_win.cc(114)] NtOpenThread: {Access Denied} A process has requested access to an object, but has not been granted those access rights.  (0xc0000022)
[1117/163509:ERROR:exception_snapshot_win.cc(87)] thread ID 15872 not found in process
[1117/163509:WARNING:crash_report_exception_handler.cc(56)] ProcessSnapshotWin::Initialize failed
[1117/163509:ERROR:process_reader_win.cc(114)] NtOpenThread: {Access Denied} A process has requested access to an object, but has not been granted those access rights.  (0xc0000022)
[1117/163509:ERROR:exception_snapshot_win.cc(87)] thread ID 11932 not found in process
[1117/163509:WARNING:crash_report_exception_handler.cc(56)] ProcessSnapshotWin::Initialize failed
[1118/140428:ERROR:process_reader_win.cc(114)] NtOpenThread: {Access Denied} A process has requested access to an object, but has not been granted those access rights.  (0xc0000022)
[1118/140428:ERROR:exception_snapshot_win.cc(87)] thread ID 14276 not found in process
[1118/140428:WARNING:crash_report_exception_handler.cc(56)] ProcessSnapshotWin::Initialize failed
[1118/140428:ERROR:process_reader_win.cc(114)] NtOpenThread: {Access Denied} A process has requested access to an object, but has not been granted those access rights.  (0xc0000022)
[1118/140428:ERROR:exception_snapshot_win.cc(87)] thread ID 13812 not found in process
[1118/140428:ERROR:process_reader_win.cc(114)] NtOpenThread: {Access Denied} A process has requested access to an object, but has not been granted those access rights.  (0xc0000022)
[1118/140428:WARNING:crash_report_exception_handler.cc(56)] ProcessSnapshotWin::Initialize failed
[1118/140428:ERROR:process_reader_win.cc(114)] NtOpenThread: {Access Denied} A process has requested access to an object, but has not been granted those access rights.  (0xc0000022)
[1118/140428:ERROR:exception_snapshot_win.cc(87)] thread ID 11152 not found in process
[1118/140428:WARNING:crash_report_exception_handler.cc(56)] ProcessSnapshotWin::Initialize failed
[1118/140428:ERROR:exception_snapshot_win.cc(87)] thread ID 8448 not found in process
[1118/140428:WARNING:crash_report_exception_handler.cc(56)] ProcessSnapshotWin::Initialize failed
[1118/145114:ERROR:process_reader_win.cc(114)] NtOpenThread: {Access Denied} A process has requested access to an object, but has not been granted those access rights.  (0xc0000022)
[1118/145114:ERROR:exception_snapshot_win.cc(87)] thread ID 19744 not found in process
[1118/145114:WARNING:crash_report_exception_handler.cc(56)] ProcessSnapshotWin::Initialize failed
[1118/145114:ERROR:process_reader_win.cc(114)] NtOpenThread: {Access Denied} A process has requested access to an object, but has not been granted those access rights.  (0xc0000022)
[1118/145114:ERROR:process_reader_win.cc(114)] NtOpenThread: {Access Denied} A process has requested access to an object, but has not been granted those access rights.  (0xc0000022)
[1118/145114:ERROR:process_reader_win.cc(114)] NtOpenThread: {Access Denied} A process has requested access to an object, but has not been granted those access rights.  (0xc0000022)
[1118/145114:ERROR:exception_snapshot_win.cc(87)] thread ID 14680 not found in process
[1118/145114:ERROR:process_reader_win.cc(114)] NtOpenThread: {Access Denied} A process has requested access to an object, but has not been granted those access rights.  (0xc0000022)
[1118/145114:ERROR:exception_snapshot_win.cc(87)] thread ID 9136 not found in process
[1118/145114:ERROR:exception_snapshot_win.cc(87)] thread ID 13100 not found in process
[1118/145114:ERROR:process_reader_win.cc(114)] NtOpenThread: {Access Denied} A process has requested access to an object, but has not been granted those access rights.  (0xc0000022)
[1118/145114:WARNING:crash_report_exception_handler.cc(56)] ProcessSnapshotWin::Initialize failed
[1118/145114:WARNING:crash_report_exception_handler.cc(56)] ProcessSnapshotWin::Initialize failed
[1118/145114:WARNING:crash_report_exception_handler.cc(56)] ProcessSnapshotWin::Initialize failed
[1118/145114:ERROR:exception_snapshot_win.cc(87)] thread ID 10864 not found in process
[1118/145114:ERROR:exception_snapshot_win.cc(87)] thread ID 6520 not found in process
[1118/145114:ERROR:process_reader_win.cc(114)] NtOpenThread: {Access Denied} A process has requested access to an object, but has not been granted those access rights.  (0xc0000022)
[1118/145114:WARNING:crash_report_exception_handler.cc(56)] ProcessSnapshotWin::Initialize failed
[1118/145114:WARNING:crash_report_exception_handler.cc(56)] ProcessSnapshotWin::Initialize failed
[1118/145114:ERROR:exception_snapshot_win.cc(87)] thread ID 12304 not found in process
[1118/145114:ERROR:process_reader_win.cc(114)] NtOpenThread: {Access Denied} A process has requested access to an object, but has not been granted those access rights.  (0xc0000022)
[1118/145114:WARNING:crash_report_exception_handler.cc(56)] ProcessSnapshotWin::Initialize failed
[1118/145114:ERROR:process_reader_win.cc(114)] NtOpenThread: {Access Denied} A process has requested access to an object, but has not been granted those access rights.  (0xc0000022)
[1118/145114:ERROR:exception_snapshot_win.cc(87)] thread ID 7580 not found in process
[1118/145114:ERROR:process_reader_win.cc(114)] NtOpenThread: {Access Denied} A process has requested access to an object, but has not been granted those access rights.  (0xc0000022)
[1118/145114:ERROR:exception_snapshot_win.cc(87)] thread ID 12192 not found in process
[1118/145114:ERROR:process_reader_win.cc(114)] NtOpenThread: {Access Denied} A process has requested access to an object, but has not been granted those access rights.  (0xc0000022)
[1118/145114:WARNING:crash_report_exception_handler.cc(56)] ProcessSnapshotWin::Initialize failed
[1118/145114:WARNING:crash_report_exception_handler.cc(56)] ProcessSnapshotWin::Initialize failed
[1118/145114:ERROR:exception_snapshot_win.cc(87)] thread ID 16296 not found in process
[1118/145114:ERROR:exception_snapshot_win.cc(87)] thread ID 12052 not found in process
[1118/145114:WARNING:crash_report_exception_handler.cc(56)] ProcessSnapshotWin::Initialize failed
[1118/145114:WARNING:crash_report_exception_handler.cc(56)] ProcessSnapshotWin::Initialize failed
[1118/145114:ERROR:process_reader_win.cc(114)] NtOpenThread: {Access Denied} A process has requested access to an object, but has not been granted those access rights.  (0xc0000022)
[1118/145114:ERROR:exception_snapshot_win.cc(87)] thread ID 19724 not found in process
[1118/145114:WARNING:crash_report_exception_handler.cc(56)] ProcessSnapshotWin::Initialize failed
[1118/145114:ERROR:process_reader_win.cc(114)] NtOpenThread: {Access Denied} A process has requested access to an object, but has not been granted those access rights.  (0xc0000022)
[1118/145114:ERROR:exception_snapshot_win.cc(87)] thread ID 8868 not found in process
[1118/145114:WARNING:crash_report_exception_handler.cc(56)] ProcessSnapshotWin::Initialize failed
[1118/145114:ERROR:process_reader_win.cc(114)] NtOpenThread: {Access Denied} A process has requested access to an object, but has not been granted those access rights.  (0xc0000022)
[1118/145114:ERROR:exception_snapshot_win.cc(87)] thread ID 16500 not found in process
[1118/145114:WARNING:crash_report_exception_handler.cc(56)] ProcessSnapshotWin::Initialize failed
[1118/145114:ERROR:process_reader_win.cc(114)] NtOpenThread: {Access Denied} A process has requested access to an object, but has not been granted those access rights.  (0xc0000022)
[1118/145114:ERROR:exception_snapshot_win.cc(87)] thread ID 15748 not found in process
[1118/145114:WARNING:crash_report_exception_handler.cc(56)] ProcessSnapshotWin::Initialize failed
[1118/145114:ERROR:process_reader_win.cc(142)] SuspendThread: Access is denied. (0x5)
[1118/145114:ERROR:process_reader_win.cc(142)] SuspendThread: Access is denied. (0x5)
[1118/145114:ERROR:process_reader_win.cc(114)] NtOpenThread: {Access Denied} A process has requested access to an object, but has not been granted those access rights.  (0xc0000022)
[1118/145114:ERROR:exception_snapshot_win.cc(87)] thread ID 16604 not found in process
[1118/145114:WARNING:crash_report_exception_handler.cc(56)] ProcessSnapshotWin::Initialize failed
[1118/145114:ERROR:process_reader_win.cc(142)] SuspendThread: Access is denied. (0x5)
[1118/145114:ERROR:process_reader_win.cc(142)] SuspendThread: Access is denied. (0x5)
[1118/145114:ERROR:process_reader_win.cc(142)] SuspendThread: Access is denied. (0x5)
[1118/145114:ERROR:process_reader_win.cc(142)] SuspendThread: Access is denied. (0x5)
[1118/145114:ERROR:process_reader_win.cc(142)] SuspendThread: Access is denied. (0x5)
[1118/145114:ERROR:process_reader_win.cc(142)] SuspendThread: Access is denied. (0x5)
[1118/145114:ERROR:process_reader_win.cc(114)] NtOpenThread: {Access Denied} A process has requested access to an object, but has not been granted those access rights.  (0xc0000022)
[1118/145114:ERROR:exception_snapshot_win.cc(87)] thread ID 21216 not found in process
[1118/145114:WARNING:crash_report_exception_handler.cc(56)] ProcessSnapshotWin::Initialize failed
[1118/145114:ERROR:process_reader_win.cc(114)] NtOpenThread: {Access Denied} A process has requested access to an object, but has not been granted those access rights.  (0xc0000022)
[1118/145114:ERROR:exception_snapshot_win.cc(87)] thread ID 16720 not found in process
[1118/145114:WARNING:crash_report_exception_handler.cc(56)] ProcessSnapshotWin::Initialize failed
[1118/145114:ERROR:process_reader_win.cc(142)] SuspendThread: Access is denied. (0x5)
[1118/145114:ERROR:process_reader_win.cc(142)] SuspendThread: Access is denied. (0x5)
[1118/145114:ERROR:process_reader_win.cc(142)] SuspendThread: Access is denied. (0x5)
[1118/145114:ERROR:process_reader_win.cc(114)] NtOpenThread: {Access Denied} A process has requested access to an object, but has not been granted those access rights.  (0xc0000022)
[1118/145114:ERROR:exception_snapshot_win.cc(87)] thread ID 19684 not found in process
[1118/145114:WARNING:crash_report_exception_handler.cc(56)] ProcessSnapshotWin::Initialize failed
[1118/145114:ERROR:process_reader_win.cc(142)] SuspendThread: Access is denied. (0x5)
[1118/145114:ERROR:process_reader_win.cc(142)] SuspendThread: Access is denied. (0x5)
[1118/145114:ERROR:process_reader_win.cc(114)] NtOpenThread: {Access Denied} A process has requested access to an object, but has not been granted those access rights.  (0xc0000022)
[1118/145114:ERROR:exception_snapshot_win.cc(87)] thread ID 16672 not found in process
[1118/145114:WARNING:crash_report_exception_handler.cc(56)] ProcessSnapshotWin::Initialize failed
[1121/085035:ERROR:process_reader_win.cc(114)] NtOpenThread: {Access Denied} A process has requested access to an object, but has not been granted those access rights.  (0xc0000022)
[1121/085035:ERROR:exception_snapshot_win.cc(87)] thread ID 19680 not found in process
[1121/085035:WARNING:crash_report_exception_handler.cc(56)] ProcessSnapshotWin::Initialize failed
[1121/085035:ERROR:process_reader_win.cc(114)] NtOpenThread: {Access Denied} A process has requested access to an object, but has not been granted those access rights.  (0xc0000022)
[1121/085035:ERROR:exception_snapshot_win.cc(87)] thread ID 12624 not found in process
[1121/085035:ERROR:process_reader_win.cc(114)] NtOpenThread: {Access Denied} A process has requested access to an object, but has not been granted those access rights.  (0xc0000022)
[1121/085035:WARNING:crash_report_exception_handler.cc(56)] ProcessSnapshotWin::Initialize failed
[1121/085035:ERROR:process_reader_win.cc(114)] NtOpenThread: {Access Denied} A process has requested access to an object, but has not been granted those access rights.  (0xc0000022)
[1121/085035:ERROR:exception_snapshot_win.cc(87)] thread ID 20568 not found in process
[1121/085035:ERROR:process_reader_win.cc(114)] NtOpenThread: {Access Denied} A process has requested access to an object, but has not been granted those access rights.  (0xc0000022)
[1121/085035:WARNING:crash_report_exception_handler.cc(56)] ProcessSnapshotWin::Initialize failed
[1121/085035:ERROR:exception_snapshot_win.cc(87)] thread ID 7764 not found in process
[1121/085035:ERROR:exception_snapshot_win.cc(87)] thread ID 21040 not found in process
[1121/085035:WARNING:crash_report_exception_handler.cc(56)] ProcessSnapshotWin::Initialize failed
[1121/085035:WARNING:crash_report_exception_handler.cc(56)] ProcessSnapshotWin::Initialize failed
[1121/085035:ERROR:process_reader_win.cc(114)] NtOpenThread: {Access Denied} A process has requested access to an object, but has not been granted those access rights.  (0xc0000022)
[1121/085035:ERROR:exception_snapshot_win.cc(87)] thread ID 8968 not found in process
[1121/085035:WARNING:crash_report_exception_handler.cc(56)] ProcessSnapshotWin::Initialize failed
[1201/092001:ERROR:process_reader_win.cc(114)] NtOpenThread: {Access Denied} A process has requested access to an object, but has not been granted those access rights.  (0xc0000022)
[1201/092005:ERROR:exception_snapshot_win.cc(87)] thread ID 11320 not found in process
[1201/092001:ERROR:process_reader_win.cc(114)] NtOpenThread: {Access Denied} A process has requested access to an object, but has not been granted those access rights.  (0xc0000022)
[1201/092001:ERROR:process_reader_win.cc(114)] NtOpenThread: {Access Denied} A process has requested access to an object, but has not been granted those access rights.  (0xc0000022)
[1201/092005:ERROR:exception_snapshot_win.cc(87)] thread ID 16820 not found in process
[1201/092001:ERROR:process_reader_win.cc(114)] NtOpenThread: {Access Denied} A process has requested access to an object, but has not been granted those access rights.  (0xc0000022)
[1201/092005:ERROR:exception_snapshot_win.cc(87)] thread ID 19544 not found in process
[1201/092005:WARNING:crash_report_exception_handler.cc(56)] ProcessSnapshotWin::Initialize failed
[1201/092005:ERROR:exception_snapshot_win.cc(87)] thread ID 13228 not found in process
[1201/092005:WARNING:crash_report_exception_handler.cc(56)] ProcessSnapshotWin::Initialize failed
[1201/092005:WARNING:crash_report_exception_handler.cc(56)] ProcessSnapshotWin::Initialize failed
[1201/092001:ERROR:process_reader_win.cc(114)] NtOpenThread: {Access Denied} A process has requested access to an object, but has not been granted those access rights.  (0xc0000022)
[1201/092001:ERROR:process_reader_win.cc(114)] NtOpenThread: {Access Denied} A process has requested access to an object, but has not been granted those access rights.  (0xc0000022)
[1201/092005:ERROR:exception_snapshot_win.cc(87)] thread ID 14508 not found in process
[1201/092001:ERROR:process_reader_win.cc(114)] NtOpenThread: {Access Denied} A process has requested access to an object, but has not been granted those access rights.  (0xc0000022)
[1201/092005:ERROR:exception_snapshot_win.cc(87)] thread ID 14588 not found in process
[1201/092005:WARNING:crash_report_exception_handler.cc(56)] ProcessSnapshotWin::Initialize failed
[1201/092005:ERROR:exception_snapshot_win.cc(87)] thread ID 16492 not found in process
[1201/092005:WARNING:crash_report_exception_handler.cc(56)] ProcessSnapshotWin::Initialize failed
[1201/092005:WARNING:crash_report_exception_handler.cc(56)] ProcessSnapshotWin::Initialize failed
[1201/092005:WARNING:crash_report_exception_handler.cc(56)] ProcessSnapshotWin::Initialize failed
[1201/102940:ERROR:process_reader_win.cc(114)] NtOpenThread: {Access Denied} A process has requested access to an object, but has not been granted those access rights.  (0xc0000022)
[1201/102940:ERROR:exception_snapshot_win.cc(87)] thread ID 16620 not found in process
[1201/102940:WARNING:crash_report_exception_handler.cc(56)] ProcessSnapshotWin::Initialize failed
[1202/110424:ERROR:process_reader_win.cc(114)] NtOpenThread: {Access Denied} A process has requested access to an object, but has not been granted those access rights.  (0xc0000022)
[1202/110425:ERROR:exception_snapshot_win.cc(87)] thread ID 23200 not found in process
[1202/110425:WARNING:crash_report_exception_handler.cc(56)] ProcessSnapshotWin::Initialize failed
[1202/110424:ERROR:process_reader_win.cc(114)] NtOpenThread: {Access Denied} A process has requested access to an object, but has not been granted those access rights.  (0xc0000022)
[1202/110424:ERROR:process_reader_win.cc(114)] NtOpenThread: {Access Denied} A process has requested access to an object, but has not been granted those access rights.  (0xc0000022)
[1202/110425:ERROR:exception_snapshot_win.cc(87)] thread ID 20948 not found in process
[1202/110424:ERROR:process_reader_win.cc(114)] NtOpenThread: {Access Denied} A process has requested access to an object, but has not been granted those access rights.  (0xc0000022)
[1202/110425:ERROR:exception_snapshot_win.cc(87)] thread ID 19536 not found in process
[1202/110424:ERROR:process_reader_win.cc(114)] NtOpenThread: {Access Denied} A process has requested access to an object, but has not been granted those access rights.  (0xc0000022)
[1202/110425:WARNING:crash_report_exception_handler.cc(56)] ProcessSnapshotWin::Initialize failed
[1202/110425:ERROR:exception_snapshot_win.cc(87)] thread ID 19244 not found in process
[1202/110424:ERROR:process_reader_win.cc(114)] NtOpenThread: {Access Denied} A process has requested access to an object, but has not been granted those access rights.  (0xc0000022)
[1202/110425:WARNING:crash_report_exception_handler.cc(56)] ProcessSnapshotWin::Initialize failed
[1202/110425:ERROR:exception_snapshot_win.cc(87)] thread ID 4896 not found in process
[1202/110424:ERROR:process_reader_win.cc(114)] NtOpenThread: {Access Denied} A process has requested access to an object, but has not been granted those access rights.  (0xc0000022)
[1202/110425:WARNING:crash_report_exception_handler.cc(56)] ProcessSnapshotWin::Initialize failed
[1202/110424:ERROR:process_reader_win.cc(114)] NtOpenThread: {Access Denied} A process has requested access to an object, but has not been granted those access rights.  (0xc0000022)
[1202/110425:ERROR:exception_snapshot_win.cc(87)] thread ID 14376 not found in process
[1202/110425:ERROR:exception_snapshot_win.cc(87)] thread ID 21412 not found in process
[1202/110424:ERROR:process_reader_win.cc(114)] NtOpenThread: {Access Denied} A process has requested access to an object, but has not been granted those access rights.  (0xc0000022)
[1202/110425:WARNING:crash_report_exception_handler.cc(56)] ProcessSnapshotWin::Initialize failed
[1202/110424:ERROR:process_reader_win.cc(114)] NtOpenThread: {Access Denied} A process has requested access to an object, but has not been granted those access rights.  (0xc0000022)
[1202/110425:WARNING:crash_report_exception_handler.cc(56)] ProcessSnapshotWin::Initialize failed
[1202/110425:ERROR:exception_snapshot_win.cc(87)] thread ID 19168 not found in process
[1202/110425:ERROR:exception_snapshot_win.cc(87)] thread ID 8400 not found in process
[1202/110424:ERROR:process_reader_win.cc(114)] NtOpenThread: {Access Denied} A process has requested access to an object, but has not been granted those access rights.  (0xc0000022)
[1202/110425:WARNING:crash_report_exception_handler.cc(56)] ProcessSnapshotWin::Initialize failed
[1202/110424:ERROR:process_reader_win.cc(114)] NtOpenThread: {Access Denied} A process has requested access to an object, but has not been granted those access rights.  (0xc0000022)
[1202/110425:WARNING:crash_report_exception_handler.cc(56)] ProcessSnapshotWin::Initialize failed
[1202/110425:ERROR:exception_snapshot_win.cc(87)] thread ID 17164 not found in process
[1202/110425:ERROR:exception_snapshot_win.cc(87)] thread ID 24148 not found in process
[1202/110425:WARNING:crash_report_exception_handler.cc(56)] ProcessSnapshotWin::Initialize failed
[1202/110425:WARNING:crash_report_exception_handler.cc(56)] ProcessSnapshotWin::Initialize failed
[1202/110425:WARNING:crash_report_exception_handler.cc(56)] ProcessSnapshotWin::Initialize failed
[1202/110425:ERROR:exception_snapshot_win.cc(87)] thread ID 17920 not found in process
[1202/110425:WARNING:crash_report_exception_handler.cc(56)] ProcessSnapshotWin::Initialize failed
[1202/140328:ERROR:process_reader_win.cc(114)] NtOpenThread: {Access Denied} A process has requested access to an object, but has not been granted those access rights.  (0xc0000022)
[1202/140328:ERROR:exception_snapshot_win.cc(87)] thread ID 12828 not found in process
[1202/140328:WARNING:crash_report_exception_handler.cc(56)] ProcessSnapshotWin::Initialize failed
[1202/140328:ERROR:process_reader_win.cc(114)] NtOpenThread: {Access Denied} A process has requested access to an object, but has not been granted those access rights.  (0xc0000022)
[1202/140328:ERROR:exception_snapshot_win.cc(87)] thread ID 22004 not found in process
[1202/140328:WARNING:crash_report_exception_handler.cc(56)] ProcessSnapshotWin::Initialize failed
[1202/140328:ERROR:process_reader_win.cc(114)] NtOpenThread: {Access Denied} A process has requested access to an object, but has not been granted those access rights.  (0xc0000022)
[1202/140328:ERROR:exception_snapshot_win.cc(87)] thread ID 19968 not found in process
[1202/140328:WARNING:crash_report_exception_handler.cc(56)] ProcessSnapshotWin::Initialize failed
[1202/140328:ERROR:process_reader_win.cc(114)] NtOpenThread: {Access Denied} A process has requested access to an object, but has not been granted those access rights.  (0xc0000022)
[1202/140328:ERROR:exception_snapshot_win.cc(87)] thread ID 23740 not found in process
[1202/140328:WARNING:crash_report_exception_handler.cc(56)] ProcessSnapshotWin::Initialize failed
[1202/140328:ERROR:process_reader_win.cc(114)] NtOpenThread: {Access Denied} A process has requested access to an object, but has not been granted those access rights.  (0xc0000022)
[1202/140328:ERROR:exception_snapshot_win.cc(87)] thread ID 12216 not found in process
[1202/140328:WARNING:crash_report_exception_handler.cc(56)] ProcessSnapshotWin::Initialize failed
[1202/140328:ERROR:process_reader_win.cc(114)] NtOpenThread: {Access Denied} A process has requested access to an object, but has not been granted those access rights.  (0xc0000022)
[1202/140328:ERROR:exception_snapshot_win.cc(87)] thread ID 21880 not found in process
[1202/140328:WARNING:crash_report_exception_handler.cc(56)] ProcessSnapshotWin::Initialize failed
[1202/140328:ERROR:process_reader_win.cc(114)] NtOpenThread: {Access Denied} A process has requested access to an object, but has not been granted those access rights.  (0xc0000022)
[1202/140328:ERROR:exception_snapshot_win.cc(87)] thread ID 24312 not found in process
[1202/140328:WARNING:crash_report_exception_handler.cc(56)] ProcessSnapshotWin::Initialize failed
[1202/140328:ERROR:process_reader_win.cc(114)] NtOpenThread: {Access Denied} A process has requested access to an object, but has not been granted those access rights.  (0xc0000022)
[1202/140328:ERROR:exception_snapshot_win.cc(87)] thread ID 16172 not found in process
[1202/140328:WARNING:crash_report_exception_handler.cc(56)] ProcessSnapshotWin::Initialize failed
[1202/150214:ERROR:process_reader_win.cc(114)] NtOpenThread: {Access Denied} A process has requested access to an object, but has not been granted those access rights.  (0xc0000022)
[1202/150214:ERROR:exception_snapshot_win.cc(87)] thread ID 18040 not found in process
[1202/150214:WARNING:crash_report_exception_handler.cc(56)] ProcessSnapshotWin::Initialize failed
[1202/150214:ERROR:process_reader_win.cc(114)] NtOpenThread: {Access Denied} A process has requested access to an object, but has not been granted those access rights.  (0xc0000022)
[1202/150214:ERROR:exception_snapshot_win.cc(87)] thread ID 21536 not found in process
[1202/150214:WARNING:crash_report_exception_handler.cc(56)] ProcessSnapshotWin::Initialize failed
[1202/150214:ERROR:process_reader_win.cc(114)] NtOpenThread: {Access Denied} A process has requested access to an object, but has not been granted those access rights.  (0xc0000022)
[1202/150214:ERROR:exception_snapshot_win.cc(87)] thread ID 21172 not found in process
[1202/150214:WARNING:crash_report_exception_handler.cc(56)] ProcessSnapshotWin::Initialize failed
[1202/150214:ERROR:process_reader_win.cc(114)] NtOpenThread: {Access Denied} A process has requested access to an object, but has not been granted those access rights.  (0xc0000022)
[1202/150214:ERROR:exception_snapshot_win.cc(87)] thread ID 16240 not found in process
[1202/150214:WARNING:crash_report_exception_handler.cc(56)] ProcessSnapshotWin::Initialize failed
[1202/150214:ERROR:process_reader_win.cc(114)] NtOpenThread: {Access Denied} A process has requested access to an object, but has not been granted those access rights.  (0xc0000022)
[1202/150214:ERROR:exception_snapshot_win.cc(87)] thread ID 17816 not found in process
[1202/150214:WARNING:crash_report_exception_handler.cc(56)] ProcessSnapshotWin::Initialize failed
[1202/150214:ERROR:process_reader_win.cc(114)] NtOpenThread: {Access Denied} A process has requested access to an object, but has not been granted those access rights.  (0xc0000022)
[1202/150214:ERROR:exception_snapshot_win.cc(87)] thread ID 20184 not found in process
[1202/150214:WARNING:crash_report_exception_handler.cc(56)] ProcessSnapshotWin::Initialize failed
[1202/150214:ERROR:process_reader_win.cc(114)] NtOpenThread: {Access Denied} A process has requested access to an object, but has not been granted those access rights.  (0xc0000022)
[1202/150214:ERROR:exception_snapshot_win.cc(87)] thread ID 15688 not found in process
[1202/150214:WARNING:crash_report_exception_handler.cc(56)] ProcessSnapshotWin::Initialize failed
[1202/150214:ERROR:process_reader_win.cc(114)] NtOpenThread: {Access Denied} A process has requested access to an object, but has not been granted those access rights.  (0xc0000022)
[1202/150214:ERROR:exception_snapshot_win.cc(87)] thread ID 20520 not found in process
[1202/150214:WARNING:crash_report_exception_handler.cc(56)] ProcessSnapshotWin::Initialize failed
[1202/150214:ERROR:process_reader_win.cc(114)] NtOpenThread: {Access Denied} A process has requested access to an object, but has not been granted those access rights.  (0xc0000022)
[1202/150214:ERROR:exception_snapshot_win.cc(87)] thread ID 12952 not found in process
[1202/150214:WARNING:crash_report_exception_handler.cc(56)] ProcessSnapshotWin::Initialize failed
[1202/150214:ERROR:process_reader_win.cc(114)] NtOpenThread: {Access Denied} A process has requested access to an object, but has not been granted those access rights.  (0xc0000022)
[1202/150214:ERROR:exception_snapshot_win.cc(87)] thread ID 19128 not found in process
[1202/150214:WARNING:crash_report_exception_handler.cc(56)] ProcessSnapshotWin::Initialize failed
[1202/152942:ERROR:process_reader_win.cc(114)] NtOpenThread: {Access Denied} A process has requested access to an object, but has not been granted those access rights.  (0xc0000022)
[1202/152942:ERROR:exception_snapshot_win.cc(87)] thread ID 23744 not found in process
[1202/152942:WARNING:crash_report_exception_handler.cc(56)] ProcessSnapshotWin::Initialize failed
